<?xml version="1.0" encoding="UTF-8"?>
<!-- Generated by org.testng.reporters.JUnitReportReporter -->
<testsuite skipped="0" hostname="WINCTRL-R57RIPN" name="com.ExcelReading.TestExcel" tests="1" failures="0" timestamp="13 Sep 2021 06:57:30 GMT" time="2.168" errors="0">
  <testcase name="callExcelFile" time="2.168" classname="com.ExcelReading.TestExcel"/>
</testsuite> <!-- com.ExcelReading.TestExcel -->
